<?xml version="1.0" encoding="UTF-8"?>
<!-- Generated by org.testng.reporters.JUnitReportReporter -->
<testsuite hostname="Jafiruddin" failures="0" tests="4" name="webServices.LibraryApiTest" time="3.238" errors="0" timestamp="2024-10-29T23:08:44 IST" skipped="1">
  <testcase classname="webServices.LibraryApiTest" name="addBooks" time="0.602"/>
  <testcase classname="webServices.LibraryApiTest" name="addBooks" time="2.226"/>
  <testcase classname="webServices.LibraryApiTest" name="addBooks" time="0.410"/>
  <testcase classname="webServices.LibraryApiTest" name="libraryServices">
    <skipped/>
  </testcase> <!-- libraryServices -->
</testsuite> <!-- webServices.LibraryApiTest -->
