<?xml version="1.0" encoding="UTF-8"?>
<!-- Generated by org.testng.reporters.JUnitReportReporter -->
<testsuite hostname="Jafiruddin" failures="0" tests="1" name="webServices.JiraAPITest" time="5.243" errors="0" timestamp="2024-10-30T11:10:53 IST" skipped="0">
  <testcase classname="webServices.JiraAPITest" name="createIssue" time="5.243"/>
</testsuite> <!-- webServices.JiraAPITest -->
