<?xml version="1.0" encoding="UTF-8"?>
<!-- Generated by org.testng.reporters.JUnitReportReporter -->
<testsuite hostname="Jafiruddin" failures="0" tests="4" name="ecommorceApp.EcomServicesTest" time="4.722" errors="0" timestamp="2024-11-03T09:53:22 IST" skipped="0">
  <testcase classname="ecommorceApp.EcomServicesTest" name="login" time="3.209"/>
  <testcase classname="ecommorceApp.EcomServicesTest" name="addProduct" time="1.101"/>
  <testcase classname="ecommorceApp.EcomServicesTest" name="placeOrder" time="0.168"/>
  <testcase classname="ecommorceApp.EcomServicesTest" name="deleteProduct" time="0.244"/>
</testsuite> <!-- ecommorceApp.EcomServicesTest -->
