<?xml version="1.0" encoding="UTF-8"?>
<!-- Generated by org.testng.reporters.JUnitReportReporter -->
<testsuite hostname="Jafiruddin" failures="0" tests="1" name="webServices.RequestResponseSpecTest" time="3.455" errors="0" timestamp="2024-10-31T15:41:36 IST" skipped="0">
  <testcase classname="webServices.RequestResponseSpecTest" name="reqResSpecBuilder" time="3.455"/>
</testsuite> <!-- webServices.RequestResponseSpecTest -->
