<?xml version="1.0" encoding="UTF-8"?>
<!-- Generated by org.testng.reporters.JUnitReportReporter -->
<testsuite hostname="Jafiruddin" failures="0" tests="1" name="webServices.OAuthServerTest" time="4.446" errors="0" timestamp="2024-10-31T12:57:24 IST" skipped="0">
  <testcase classname="webServices.OAuthServerTest" name="authServer" time="4.446"/>
</testsuite> <!-- webServices.OAuthServerTest -->
