<?xml version="1.0" encoding="UTF-8"?>
<!-- Generated by org.testng.reporters.JUnitReportReporter -->
<testsuite hostname="Jafiruddin" failures="0" tests="6" name="webServices.ComplexJsonParsingTest" time="1.250" errors="0" timestamp="2024-10-27T23:16:27 IST" skipped="0">
  <testcase classname="webServices.ComplexJsonParsingTest" name="getNumberOfCourses" time="0.963"/>
  <testcase classname="webServices.ComplexJsonParsingTest" name="printTitleOfFirstCourse" time="0.010"/>
  <testcase classname="webServices.ComplexJsonParsingTest" name="sumOfPriceMatchesPurchageAmount" time="0.074"/>
  <testcase classname="webServices.ComplexJsonParsingTest" name="printCourseTitleAndPrice" time="0.137"/>
  <testcase classname="webServices.ComplexJsonParsingTest" name="printPurchageAmount" time="0.017"/>
  <testcase classname="webServices.ComplexJsonParsingTest" name="printNoOfCopiesSold" time="0.049"/>
</testsuite> <!-- webServices.ComplexJsonParsingTest -->
