<?xml version="1.0" encoding="UTF-8"?>
<!-- Generated by org.testng.reporters.JUnitReportReporter -->
<testsuite hostname="Jafiruddin" failures="0" tests="2" name="webServices.GoogleApiTest" time="3.813" errors="0" timestamp="2024-10-31T15:14:39 IST" skipped="1">
  <testcase classname="webServices.GoogleApiTest" name="addPlace" time="3.813"/>
  <testcase classname="webServices.GoogleApiTest" name="googlePlaceApi">
    <skipped/>
  </testcase> <!-- googlePlaceApi -->
</testsuite> <!-- webServices.GoogleApiTest -->
