<?xml version="1.0" encoding="UTF-8"?>
<!-- Generated by org.testng.reporters.JUnitReportReporter -->
<testsuite hostname="Jafiruddin" failures="0" tests="1" name="googleservices.GoogleApiTest" time="10.903" errors="0" timestamp="2024-10-27T20:20:54 IST" skipped="0">
  <testcase classname="googleservices.GoogleApiTest" name="addPlace" time="10.903"/>
</testsuite> <!-- googleservices.GoogleApiTest -->
