<?xml version="1.0" encoding="UTF-8"?>
<!-- Generated by org.testng.reporters.JUnitReportReporter -->
<testsuite hostname="Jafiruddin" failures="0" tests="1" name="AddPlace" time="2.227" errors="0" timestamp="2024-10-27T10:43:18 IST" skipped="0">
  <testcase classname="AddPlace" name="addPlace" time="2.227"/>
</testsuite> <!-- AddPlace -->
